<?xml version="1.0" encoding="UTF-8"?>
<!-- Generated by org.testng.reporters.JUnitReportReporter -->
<testsuite hostname="Mahesh-DT" failures="0" tests="1" name="seleniumGrid.RSADemo" time="6.047" errors="0" timestamp="2025-04-28T18:21:37 IST" skipped="0">
  <testcase classname="seleniumGrid.RSADemo" name="openPageGoogle" time="6.047"/>
</testsuite> <!-- seleniumGrid.RSADemo -->
