<?xml version="1.0" encoding="UTF-8"?>
<!-- Generated by org.testng.reporters.JUnitReportReporter -->
<testsuite hostname="Mahesh-DT" failures="0" tests="3" name="FrameworkDesign.Tests.SubmitOrderTest" time="21.809" errors="0" timestamp="2025-05-02T18:10:55 IST" skipped="0">
  <testcase classname="FrameworkDesign.Tests.SubmitOrderTest" name="SubmitOrder" time="8.611"/>
  <testcase classname="FrameworkDesign.Tests.SubmitOrderTest" name="OrderHistoryTest" time="4.176"/>
  <testcase classname="FrameworkDesign.Tests.SubmitOrderTest" name="SubmitOrder" time="9.022"/>
</testsuite> <!-- FrameworkDesign.Tests.SubmitOrderTest -->
