<?xml version="1.0" encoding="UTF-8"?>
<!-- Generated by org.testng.reporters.JUnitReportReporter -->
<testsuite hostname="Mahesh-DT" failures="0" tests="2" name="Cucumber.TestNGTestRunner" time="17.162" errors="0" timestamp="2025-04-26T13:43:40 IST" skipped="0">
  <testcase classname="Cucumber.TestNGTestRunner" name="runScenario" time="8.174"/>
  <testcase classname="Cucumber.TestNGTestRunner" name="runScenario" time="8.988"/>
</testsuite> <!-- Cucumber.TestNGTestRunner -->
