<?xml version="1.0" encoding="UTF-8"?>
<!-- Generated by org.testng.reporters.JUnitReportReporter -->
<testsuite hostname="Mahesh-DT" failures="0" tests="2" name="FrameworkDesign.Tests.ErrorValidationTest" time="13.754" errors="0" timestamp="2025-05-02T18:10:55 IST" skipped="0">
  <testcase classname="FrameworkDesign.Tests.ErrorValidationTest" name="LoginPageErrorvalidation" time="4.405"/>
  <testcase classname="FrameworkDesign.Tests.ErrorValidationTest" name="ProductPageErrorvalidation" time="9.349"/>
</testsuite> <!-- FrameworkDesign.Tests.ErrorValidationTest -->
