<?xml version="1.0" encoding="UTF-8"?>
<!-- Generated by org.testng.reporters.JUnitReportReporter -->
<testsuite hostname="Mahesh-DT" failures="0" tests="2" name="Cucumber.TestNGTestRunner" time="22.705" errors="0" timestamp="2025-05-24T15:21:39 IST" skipped="0">
  <testcase classname="Cucumber.TestNGTestRunner" name="runScenario" time="11.720"/>
  <testcase classname="Cucumber.TestNGTestRunner" name="runScenario" time="10.985"/>
</testsuite> <!-- Cucumber.TestNGTestRunner -->
