<?xml version="1.0" encoding="UTF-8"?>
<!-- Generated by org.testng.reporters.JUnitReportReporter -->
<testsuite hostname="Mahesh-DT" failures="0" tests="4" name="JXLExample.LoginJXL" time="23.114" errors="0" timestamp="2025-05-22T12:36:42 IST" skipped="0">
  <testcase classname="JXLExample.LoginJXL" name="BothCorrectLogin" time="5.686"/>
  <testcase classname="JXLExample.LoginJXL" name="BothCorrectLogin" time="8.249"/>
  <testcase classname="JXLExample.LoginJXL" name="BothCorrectLogin" time="7.104"/>
  <testcase classname="JXLExample.LoginJXL" name="BothCorrectLogin" time="2.075"/>
</testsuite> <!-- JXLExample.LoginJXL -->
