<?xml version="1.0" encoding="UTF-8"?>
<!-- Generated by org.testng.reporters.JUnitReportReporter -->
<testsuite hostname="Mahesh-DT" failures="0" tests="1" name="ParameterClassExample.IncorrectPassword" time="2.958" errors="0" timestamp="2025-05-22T11:57:41 IST" skipped="0">
  <testcase classname="ParameterClassExample.IncorrectPassword" name="IncorrectPasswordLogin" time="2.958"/>
</testsuite> <!-- ParameterClassExample.IncorrectPassword -->
