<?xml version="1.0" encoding="UTF-8"?>
<!-- Generated by org.testng.reporters.JUnitReportReporter -->
<testsuite hostname="Mahesh-DT" failures="0" tests="4" name="DataProviderClassExample.Login" time="13.878" errors="0" timestamp="2025-05-22T12:05:53 IST" skipped="0">
  <testcase classname="DataProviderClassExample.Login" name="BothCorrectLogin" time="3.624"/>
  <testcase classname="DataProviderClassExample.Login" name="BothCorrectLogin" time="3.885"/>
  <testcase classname="DataProviderClassExample.Login" name="BothCorrectLogin" time="3.100"/>
  <testcase classname="DataProviderClassExample.Login" name="BothCorrectLogin" time="3.269"/>
</testsuite> <!-- DataProviderClassExample.Login -->
