<?xml version="1.0" encoding="UTF-8"?>
<!-- Generated by org.testng.reporters.JUnitReportReporter -->
<testsuite hostname="Mahesh-DT" failures="0" tests="1" name="ParameterClassExample.IncorrectUsername" time="3.394" errors="0" timestamp="2025-05-22T11:57:41 IST" skipped="0">
  <testcase classname="ParameterClassExample.IncorrectUsername" name="IncorrectUsernameLogin" time="3.394"/>
</testsuite> <!-- ParameterClassExample.IncorrectUsername -->
