<?xml version="1.0" encoding="UTF-8"?>
<!-- Generated by org.testng.reporters.JUnitReportReporter -->
<testsuite hostname="Mahesh-DT" failures="0" tests="4" name="JXLExample.DataDrivenJXL2" time="17.594" errors="0" timestamp="2025-05-24T19:58:19 IST" skipped="0">
  <testcase classname="JXLExample.DataDrivenJXL2" name="BothCorrectLogin" time="4.719"/>
  <testcase classname="JXLExample.DataDrivenJXL2" name="BothCorrectLogin" time="3.836"/>
  <testcase classname="JXLExample.DataDrivenJXL2" name="BothCorrectLogin" time="4.489"/>
  <testcase classname="JXLExample.DataDrivenJXL2" name="BothCorrectLogin" time="4.550"/>
</testsuite> <!-- JXLExample.DataDrivenJXL2 -->
