<?xml version="1.0" encoding="UTF-8"?>
<!-- Generated by org.testng.reporters.JUnitReportReporter -->
<testsuite hostname="Mahesh-DT" failures="0" tests="1" name="testCases.LoginPage" time="0.192" errors="0" timestamp="2025-05-14T19:52:28 IST" skipped="0">
  <testcase classname="testCases.LoginPage" name="loginPage" time="0.192"/>
</testsuite> <!-- testCases.LoginPage -->
