<?xml version="1.0" encoding="UTF-8"?>
<!-- Generated by org.testng.reporters.JUnitReportReporter -->
<testsuite hostname="Mahesh-DT" failures="0" tests="3" name="FrameworkDesign.Tests.SubmitOrderTest" time="28.407" errors="0" timestamp="2025-04-26T13:54:02 IST" skipped="0">
  <testcase classname="FrameworkDesign.Tests.SubmitOrderTest" name="SubmitOrder" time="11.206"/>
  <testcase classname="FrameworkDesign.Tests.SubmitOrderTest" name="SubmitOrder" time="14.349"/>
  <testcase classname="FrameworkDesign.Tests.SubmitOrderTest" name="OrderHistoryTest" time="2.852"/>
</testsuite> <!-- FrameworkDesign.Tests.SubmitOrderTest -->
