<?xml version="1.0" encoding="UTF-8"?>
<!-- Generated by org.testng.reporters.JUnitReportReporter -->
<testsuite hostname="Mahesh-DT" failures="0" tests="2" name="Cucumber.TestNGTestRunner" time="21.702" errors="0" timestamp="2025-04-26T13:57:13 IST" skipped="0">
  <testcase classname="Cucumber.TestNGTestRunner" name="runScenario" time="11.829"/>
  <testcase classname="Cucumber.TestNGTestRunner" name="runScenario" time="9.873"/>
</testsuite> <!-- Cucumber.TestNGTestRunner -->
