<?xml version="1.0" encoding="UTF-8"?>
<!-- Generated by org.testng.reporters.JUnitReportReporter -->
<testsuite hostname="Mahesh-DT" failures="0" tests="2" name="Cucumber.TestNGTestRunner" time="26.847" errors="0" timestamp="2025-05-24T15:36:07 IST" skipped="0">
  <testcase classname="Cucumber.TestNGTestRunner" name="runScenario" time="11.573"/>
  <testcase classname="Cucumber.TestNGTestRunner" name="runScenario" time="15.274"/>
</testsuite> <!-- Cucumber.TestNGTestRunner -->
