<?xml version="1.0" encoding="UTF-8"?>
<!-- Generated by org.testng.reporters.JUnitReportReporter -->
<testsuite hostname="Mahesh-DT" failures="0" tests="2" name="FrameworkDesign.Tests.ErrorValidationTest" time="15.655" errors="0" timestamp="2025-04-26T13:54:02 IST" skipped="0">
  <testcase classname="FrameworkDesign.Tests.ErrorValidationTest" name="LoginPageErrorvalidation" time="7.553"/>
  <testcase classname="FrameworkDesign.Tests.ErrorValidationTest" name="ProductPageErrorvalidation" time="8.102"/>
</testsuite> <!-- FrameworkDesign.Tests.ErrorValidationTest -->
