<?xml version="1.0" encoding="UTF-8"?>
<!-- Generated by org.testng.reporters.JUnitReportReporter -->
<testsuite hostname="Mahesh-DT" failures="0" tests="2" name="test.day3" time="0.005" errors="0" timestamp="2025-04-15T15:37:55 IST" skipped="1">
  <testcase classname="test.day3" name="WebLoginHomeLoan" time="0.005"/>
  <testcase classname="test.day3" name="APILoginHomeLoan">
    <skipped/>
  </testcase> <!-- APILoginHomeLoan -->
</testsuite> <!-- test.day3 -->
