<?xml version="1.0" encoding="UTF-8"?>
<!-- Generated by org.testng.reporters.JUnitReportReporter -->
<testsuite hostname="Mahesh-DT" failures="0" tests="1" name="test.day2" time="0.001" errors="0" timestamp="2025-04-15T15:37:55 IST" skipped="0">
  <testcase classname="test.day2" name="testThree" time="0.001"/>
</testsuite> <!-- test.day2 -->
