<?xml version="1.0" encoding="UTF-8"?>
<!-- Generated by org.testng.reporters.JUnitReportReporter -->
<testsuite hostname="Mahesh-DT" failures="0" tests="4" name="test.day1" time="0.012" errors="0" timestamp="2025-04-15T15:37:55 IST" skipped="0">
  <testcase classname="test.day1" name="testThree" time="0.001"/>
  <testcase classname="test.day1" name="testThree" time="0.002"/>
  <testcase classname="test.day1" name="testThree" time="0.004"/>
  <testcase classname="test.day1" name="testOne" time="0.005"/>
</testsuite> <!-- test.day1 -->
