<?xml version="1.0" encoding="UTF-8"?>
<!-- Generated by org.testng.reporters.JUnitReportReporter -->
<testsuite hostname="Mahesh-DT" failures="0" tests="2" name="thisSuperKeyword.PS1" time="0.014" errors="0" timestamp="15 Apr 2025 13:10:26 GMT">
  <testcase classname="thisSuperKeyword.PS1" name="doThis" time="0.010"/>
  <testcase classname="thisSuperKeyword.PS1" name="testRun" time="0.004"/>
</testsuite> <!-- thisSuperKeyword.PS1 -->
