<?xml version="1.0" encoding="UTF-8"?>
<!-- Generated by org.testng.reporters.JUnitReportReporter -->
<testsuite hostname="Mahesh-DT" failures="0" tests="2" name="thisSuperKeyword.PS2" time="0.013" errors="0" timestamp="15 Apr 2025 12:27:52 GMT">
  <testcase classname="thisSuperKeyword.PS2" name="increment" time="0.004"/>
  <testcase classname="thisSuperKeyword.PS2" name="decrement" time="0.009"/>
</testsuite> <!-- thisSuperKeyword.PS2 -->
