<?xml version="1.0" encoding="UTF-8"?>
<!-- Generated by org.testng.reporters.JUnitReportReporter -->
<testsuite hostname="Mahesh-DT" failures="0" tests="2" name="InterviewPerspectiveSel.AnnotationDemo" time="0.009" errors="0" timestamp="2025-05-17T16:18:03 IST" skipped="0">
  <testcase classname="InterviewPerspectiveSel.AnnotationDemo" name="Ztest" time="0.004"/>
  <testcase classname="InterviewPerspectiveSel.AnnotationDemo" name="Atest" time="0.005"/>
</testsuite> <!-- InterviewPerspectiveSel.AnnotationDemo -->
