<?xml version="1.0" encoding="UTF-8"?>
<!-- Generated by org.testng.reporters.JUnitReportReporter -->
<testsuite hostname="Mahesh-DT" failures="0" tests="3" name="DataProvider.TestLogin" time="0.011" errors="0" timestamp="2025-05-24T13:05:47 IST" skipped="0">
  <testcase classname="DataProvider.TestLogin" name="testLoginWithBrowser" time="0.003"/>
  <testcase classname="DataProvider.TestLogin" name="testLoginWithBrowser" time="0.001"/>
  <testcase classname="DataProvider.TestLogin" name="testLoginWithBrowser" time="0.007"/>
</testsuite> <!-- DataProvider.TestLogin -->
