<?xml version="1.0" encoding="UTF-8"?>
<!-- Generated by org.testng.reporters.JUnitReportReporter -->
<testsuite hostname="Mahesh-DT" failures="0" tests="1" name="InterviewPerspectiveSel.ExceptionHandled" time="2.016" errors="0" timestamp="2025-05-17T15:41:33 IST" skipped="0">
  <testcase classname="InterviewPerspectiveSel.ExceptionHandled" name="test" time="2.016"/>
</testsuite> <!-- InterviewPerspectiveSel.ExceptionHandled -->
