<?xml version="1.0" encoding="UTF-8"?>
<!-- Generated by org.testng.reporters.JUnitReportReporter -->
<testsuite hostname="Mahesh-DT" failures="0" tests="3" name="InterviewPerspectiveSel.TestMultipleTimes" time="0.015" errors="0" timestamp="2025-05-17T15:37:33 IST" skipped="0">
  <testcase classname="InterviewPerspectiveSel.TestMultipleTimes" name="testCase" time="0.010"/>
  <testcase classname="InterviewPerspectiveSel.TestMultipleTimes" name="testCase" time="0.003"/>
  <testcase classname="InterviewPerspectiveSel.TestMultipleTimes" name="testCase" time="0.002"/>
</testsuite> <!-- InterviewPerspectiveSel.TestMultipleTimes -->
