<?xml version="1.0" encoding="UTF-8"?>
<!-- Generated by org.testng.reporters.JUnitReportReporter -->
<testsuite hostname="Mahesh-DT" failures="0" tests="3" name="ExcelDataDriven.dataProviderExcelDrive" time="0.010" errors="0" timestamp="2025-04-29T17:47:47 IST" skipped="0">
  <testcase classname="ExcelDataDriven.dataProviderExcelDrive" name="testCaseDrive" time="0.002"/>
  <testcase classname="ExcelDataDriven.dataProviderExcelDrive" name="testCaseDrive" time="0.002"/>
  <testcase classname="ExcelDataDriven.dataProviderExcelDrive" name="testCaseDrive" time="0.006"/>
</testsuite> <!-- ExcelDataDriven.dataProviderExcelDrive -->
