<?xml version="1.0" encoding="UTF-8"?>
<!-- Generated by org.testng.reporters.JUnitReportReporter -->
<testsuite hostname="Mahesh-DT" failures="0" tests="1" name="ExtentReports.ExtentReportsDemo" time="4.856" errors="0" timestamp="2025-04-22T17:21:52 IST" skipped="0">
  <testcase classname="ExtentReports.ExtentReportsDemo" name="initialDemo" time="4.856"/>
</testsuite> <!-- ExtentReports.ExtentReportsDemo -->
