<?xml version="1.0" encoding="UTF-8"?>
<!-- Generated by org.testng.reporters.JUnitReportReporter -->
<testsuite hostname="Mahesh-DT" failures="0" tests="3" name="ExtentReports.ExtentReportsExample.ExtentReportsDemo" time="4.323" errors="0" timestamp="2025-05-27T14:34:08 IST" skipped="0">
  <testcase classname="ExtentReports.ExtentReportsExample.ExtentReportsDemo" name="openBing" time="0.748"/>
  <testcase classname="ExtentReports.ExtentReportsExample.ExtentReportsDemo" name="openGoogle" time="2.210"/>
  <testcase classname="ExtentReports.ExtentReportsExample.ExtentReportsDemo" name="openWikipedia" time="1.365"/>
</testsuite> <!-- ExtentReports.ExtentReportsExample.ExtentReportsDemo -->
